<?xml version="1.0" encoding="UTF-8"?>
<testsuite name="kr.side.dstar.domain.scrap.ScrapTest" tests="1" skipped="0" failures="0" errors="0" timestamp="2020-04-30T11:22:06" hostname="ida-eun-ui-MacBook-Air.local" time="0.003">
  <properties/>
  <testcase name="builder" classname="kr.side.dstar.domain.scrap.ScrapTest" time="0.003"/>
  <system-out><![CDATA[]]></system-out>
  <system-err><![CDATA[]]></system-err>
</testsuite>
