<?xml version="1.0" encoding="UTF-8"?>
<testsuite name="kr.side.dstar.DstarApplicationTests" tests="1" skipped="0" failures="0" errors="0" timestamp="2020-04-30T11:22:07" hostname="ida-eun-ui-MacBook-Air.local" time="0.021">
  <properties/>
  <testcase name="contextLoads()" classname="kr.side.dstar.DstarApplicationTests" time="0.021"/>
  <system-out><![CDATA[2020-04-30 20:22:07.137  INFO 15713 --- [    Test worker] .b.t.c.SpringBootTestContextBootstrapper : Neither @ContextConfiguration nor @ContextHierarchy found for test class [kr.side.dstar.DstarApplicationTests], using SpringBootContextLoader
2020-04-30 20:22:07.138  INFO 15713 --- [    Test worker] o.s.t.c.support.AbstractContextLoader    : Could not detect default resource locations for test class [kr.side.dstar.DstarApplicationTests]: no resource found for suffixes {-context.xml, Context.groovy}.
2020-04-30 20:22:07.138  INFO 15713 --- [    Test worker] t.c.s.AnnotationConfigContextLoaderUtils : Could not detect default configuration classes for test class [kr.side.dstar.DstarApplicationTests]: DstarApplicationTests does not declare any static, non-private, non-final, nested classes annotated with @Configuration.
2020-04-30 20:22:07.142  INFO 15713 --- [    Test worker] .b.t.c.SpringBootTestContextBootstrapper : Found @SpringBootConfiguration kr.side.dstar.DstarApplication for test class kr.side.dstar.DstarApplicationTests
2020-04-30 20:22:07.143  INFO 15713 --- [    Test worker] .b.t.c.SpringBootTestContextBootstrapper : Loaded default TestExecutionListener class names from location [META-INF/spring.factories]: [org.springframework.security.test.context.support.WithSecurityContextTestExecutionListener, org.springframework.security.test.context.support.ReactorContextTestExecutionListener, org.springframework.boot.test.autoconfigure.restdocs.RestDocsTestExecutionListener, org.springframework.boot.test.autoconfigure.web.client.MockRestServiceServerResetTestExecutionListener, org.springframework.boot.test.autoconfigure.web.servlet.MockMvcPrintOnlyOnFailureTestExecutionListener, org.springframework.boot.test.autoconfigure.web.servlet.WebDriverTestExecutionListener, org.springframework.boot.test.mock.mockito.MockitoTestExecutionListener, org.springframework.boot.test.mock.mockito.ResetMocksTestExecutionListener, org.springframework.test.context.web.ServletTestExecutionListener, org.springframework.test.context.support.DirtiesContextBeforeModesTestExecutionListener, org.springframework.test.context.support.DependencyInjectionTestExecutionListener, org.springframework.test.context.support.DirtiesContextTestExecutionListener, org.springframework.test.context.transaction.TransactionalTestExecutionListener, org.springframework.test.context.jdbc.SqlScriptsTestExecutionListener, org.springframework.test.context.event.EventPublishingTestExecutionListener]
2020-04-30 20:22:07.145  INFO 15713 --- [    Test worker] .b.t.c.SpringBootTestContextBootstrapper : Using TestExecutionListeners: [org.springframework.test.context.web.ServletTestExecutionListener@3af1a250, org.springframework.test.context.support.DirtiesContextBeforeModesTestExecutionListener@30ec62fa, org.springframework.boot.test.mock.mockito.MockitoTestExecutionListener@e919089, org.springframework.boot.test.autoconfigure.SpringBootDependencyInjectionTestExecutionListener@2335990b, org.springframework.test.context.support.DirtiesContextTestExecutionListener@14e14c1f, org.springframework.test.context.transaction.TransactionalTestExecutionListener@474917cb, org.springframework.test.context.jdbc.SqlScriptsTestExecutionListener@45dec273, org.springframework.security.test.context.support.WithSecurityContextTestExecutionListener@4a2cf602, org.springframework.test.context.event.EventPublishingTestExecutionListener@5433caec, org.springframework.security.test.context.support.ReactorContextTestExecutionListener@5b4b68ee, org.springframework.boot.test.autoconfigure.restdocs.RestDocsTestExecutionListener@6835f4ae, org.springframework.boot.test.autoconfigure.web.client.MockRestServiceServerResetTestExecutionListener@4584934c, org.springframework.boot.test.autoconfigure.web.servlet.MockMvcPrintOnlyOnFailureTestExecutionListener@faa45ba, org.springframework.boot.test.autoconfigure.web.servlet.WebDriverTestExecutionListener@fa640b9, org.springframework.boot.test.mock.mockito.ResetMocksTestExecutionListener@48714567]
]]></system-out>
  <system-err><![CDATA[]]></system-err>
</testsuite>
